<?xml version="1.0" encoding="UTF-8"?>
<!-- Generated by org.testng.reporters.JUnitXMLReporter -->
<testsuite ignored="0" hostname="DESKTOP-FD1GFM2" failures="1" tests="1" name="test SimpleForm demo page elements" time="0.003" errors="0" timestamp="2023-10-01T14:16:42 WAT">
  <testcase classname="Smoke.SimpleFormDemoElements" name="checkElements" time="0.0">
    <failure type="java.lang.NoSuchMethodError" message="org.openqa.selenium.support.PageFactory.initElements(Lorg/openqa/selenium/SearchContext;Ljava/lang/Object;)V">
      <![CDATA[java.lang.NoSuchMethodError: org.openqa.selenium.support.PageFactory.initElements(Lorg/openqa/selenium/SearchContext;Ljava/lang/Object;)V
at PageObjects.SimpleFormDemo.<init>(SimpleFormDemo.java:17)
at Smoke.SimpleFormDemoElements.checkElements(SimpleFormDemoElements.java:14)
at java.base/java.util.ArrayList.forEach(ArrayList.java:1541)
... Removed 26 stack frames]]>
    </failure>
  </testcase> <!-- checkElements -->
</testsuite> <!-- test SimpleForm demo page elements -->
