<?xml version="1.0" encoding="UTF-8"?>
<testng-results ignored="0" total="0" passed="0" failed="0" skipped="0">
  <reporter-output>
  </reporter-output>
  <suite started-at="2023-09-09T09:44:05 WAT" name="test_suite1" finished-at="2023-09-09T09:44:05 WAT" duration-ms="154">
    <groups>
    </groups>
    <test started-at="2023-09-09T09:44:05 WAT" name="test SimpleForm demo page" finished-at="2023-09-09T09:44:05 WAT" duration-ms="38">
    </test> <!-- test SimpleForm demo page -->
    <test started-at="2023-09-09T09:44:05 WAT" name="test SimpleForm demo page elements" finished-at="2023-09-09T09:44:05 WAT" duration-ms="0">
    </test> <!-- test SimpleForm demo page elements -->
  </suite> <!-- test_suite1 -->
</testng-results>
